#-----------------------------------------------------------
# Vivado v2018.3 (64-bit)
# SW Build 2405991 on Thu Dec  6 23:38:27 MST 2018
# IP Build 2404404 on Fri Dec  7 01:43:56 MST 2018
# Start of session at: Fri May 10 19:25:16 2019
# Process ID: 16480
# Current directory: D:/Xilinx/hw/lab4/vga
# Command line: vivado.exe -gui_launcher_event rodinguilauncherevent16300 D:\Xilinx\hw\lab4\vga\vga.xpr
# Log file: D:/Xilinx/hw/lab4/vga/vivado.log
# Journal file: D:/Xilinx/hw/lab4/vga\vivado.jou
#-----------------------------------------------------------
start_gui
open_project D:/Xilinx/hw/lab4/vga/vga.xpr
Scanning sources...
Finished scanning sources
INFO: [IP_Flow 19-234] Refreshing IP repositories
INFO: [IP_Flow 19-1704] No user IP repositories specified
INFO: [IP_Flow 19-2313] Loaded Vivado IP repository 'D:/Xilinx/Vivado/2018.3/data/ip'.
open_project: Time (s): cpu = 00:00:14 ; elapsed = 00:00:09 . Memory (MB): peak = 750.289 ; gain = 137.445
update_compile_order -fileset sources_1
exit
INFO: [Common 17-206] Exiting Vivado at Fri May 10 20:33:07 2019...
