#-----------------------------------------------------------
# Vivado v2018.3 (64-bit)
# SW Build 2405991 on Thu Dec  6 23:38:27 MST 2018
# IP Build 2404404 on Fri Dec  7 01:43:56 MST 2018
# Start of session at: Fri Apr 12 18:48:15 2019
# Process ID: 12612
# Current directory: D:/Xilinx/hw/lab1/fla/fla
# Command line: vivado.exe -gui_launcher_event rodinguilauncherevent2320 D:\Xilinx\hw\lab1\fla\fla\fla.xpr
# Log file: D:/Xilinx/hw/lab1/fla/fla/vivado.log
# Journal file: D:/Xilinx/hw/lab1/fla/fla\vivado.jou
#-----------------------------------------------------------
start_gui
open_project D:/Xilinx/hw/lab1/fla/fla/fla.xpr
Scanning sources...
Finished scanning sources
INFO: [IP_Flow 19-234] Refreshing IP repositories
INFO: [IP_Flow 19-1704] No user IP repositories specified
INFO: [IP_Flow 19-2313] Loaded Vivado IP repository 'D:/Xilinx/Vivado/2018.3/data/ip'.
open_project: Time (s): cpu = 00:00:14 ; elapsed = 00:00:08 . Memory (MB): peak = 800.629 ; gain = 199.691
update_compile_order -fileset sources_1
exit
INFO: [Common 17-206] Exiting Vivado at Fri Apr 12 18:51:34 2019...
