Unable to capture context for thread 3304 in process 4872, can not generate back trace
Unable to capture context for thread 4972 in process 4872, can not generate back trace
Unable to capture context for thread 2432 in process 4872, can not generate back trace
Exception at PC 0x000007FEC3B8BB93
Printing stacktrace...

Unable to capture context for thread 3344 in process 4872, can not generate back trace
Exception at PC 0x000007FEFDE1A06D
Exception at PC 0x000007FEFDE1A06D
Exception at PC 0x000007FEFDE1A06D
Unable to capture context for thread 1688 in process 4872, can not generate back trace
Exception at PC 0x000007FEFDE1A06D
Exception at PC 0x000007FEFDE1A06D
Exception at PC 0x000007FEFDE1A06D
Exception at PC 0x000007FEFDE1A06D
Exception at PC 0x000007FEFDE1A06D
Exception at PC 0x000007FEFDE1A06D
Exception at PC 0x000007FEFDE1A06D
Exception at PC 0x000007FEFDE1A06D
Exception at PC 0x000007FEFDE1A06D
Exception at PC 0x000007FEFDE1A06D
Exception at PC 0x000007FEFDE1A06D
Exception at PC 0x000007FEFDE1A06D
Exception at PC 0x000007FEFDE1A06D
Exception at PC 0x000007FEFDE1A06D
Exception at PC 0x000007FEFDE1A06D
[0]  [0x000007FEC3B8BB93]
[1]  [0x000007FEC3B8BB93]
[2]  [0x000007FEC3B8B4A1]
[3]  [0x000007FEC3B8B459]
[4]  [0x000007FEC3B719FE]
[5]  [0x000007FEC3B70ED1]
[6]  [0x000007FEC3B70D76]
[7]  [0x000007FEC3B179F6]
[8]  [0x000007FEC3B07AFB]
[9]  [0x000007FEC3C2E90A]
[10]  [0x000007FEC3C49F87]
[11]  [0x000007FEC3C4A05F]
[12] (BaseThreadInitThunk+0xd) [0x0000000077B859CD]
[13] (RtlUserThreadStart+0x21) [0x0000000077CBA561]
Done
