#-----------------------------------------------------------
# Vivado v2018.3 (64-bit)
# SW Build 2405991 on Thu Dec  6 23:38:27 MST 2018
# IP Build 2404404 on Fri Dec  7 01:43:56 MST 2018
# Start of session at: Thu Apr 11 20:18:27 2019
# Process ID: 50716
# Current directory: D:/Xilinx/hw/labpre/lab/lab_
# Command line: vivado.exe -gui_launcher_event rodinguilauncherevent50740 D:\Xilinx\hw\labpre\lab\lab_\lab_.xpr
# Log file: D:/Xilinx/hw/labpre/lab/lab_/vivado.log
# Journal file: D:/Xilinx/hw/labpre/lab/lab_\vivado.jou
#-----------------------------------------------------------
start_gui
open_project -read_only D:/Xilinx/hw/labpre/lab/lab_/lab_.xpr
INFO: [Project 1-313] Project file moved from 'C:/Users/admin/Desktop/lab_' since last save.
Scanning sources...
Finished scanning sources
INFO: [IP_Flow 19-234] Refreshing IP repositories
INFO: [IP_Flow 19-1704] No user IP repositories specified
INFO: [IP_Flow 19-2313] Loaded Vivado IP repository 'D:/Xilinx/Vivado/2018.3/data/ip'.
WARNING: [IP_Flow 19-2162] IP 'clk_wiz_0' is locked:
* Project containing IP 'clk_wiz_0' is read-only.
* IP definition 'Clocking Wizard (5.3)' for IP 'clk_wiz_0' (customized with software release 2016.2) has a newer major version in the IP Catalog.
Please select 'Report IP Status' from the 'Tools/Report' menu or run Tcl command 'report_ip_status' for more information.
WARNING: [Project 1-229] Project 'lab_.xpr' is read-only and therefore could not be upgraded for this version of Vivado.  Use 'File | Save Project As...' if you wish to save an upgraded copy.
open_project: Time (s): cpu = 00:00:14 ; elapsed = 00:00:08 . Memory (MB): peak = 750.566 ; gain = 144.758
update_compile_order -fileset sources_1
exit
INFO: [Common 17-206] Exiting Vivado at Thu Apr 11 21:18:47 2019...
