#-----------------------------------------------------------
# Vivado v2018.3 (64-bit)
# SW Build 2405991 on Thu Dec  6 23:38:27 MST 2018
# IP Build 2404404 on Fri Dec  7 01:43:56 MST 2018
# Start of session at: Thu Mar 19 20:58:47 2020
# Process ID: 11392
# Current directory: D:/Xilinx/hw/labpre/lab10/lab_10.2
# Command line: vivado.exe -gui_launcher_event rodinguilauncherevent16176 D:\Xilinx\hw\labpre\lab10\lab_10.2\lab_10.2.xpr
# Log file: D:/Xilinx/hw/labpre/lab10/lab_10.2/vivado.log
# Journal file: D:/Xilinx/hw/labpre/lab10/lab_10.2\vivado.jou
#-----------------------------------------------------------
start_gui
open_project D:/Xilinx/hw/labpre/lab10/lab_10.2/lab_10.2.xpr
Scanning sources...
Finished scanning sources
INFO: [IP_Flow 19-234] Refreshing IP repositories
INFO: [IP_Flow 19-1704] No user IP repositories specified
INFO: [IP_Flow 19-2313] Loaded Vivado IP repository 'D:/Xilinx/Vivado/2018.3/data/ip'.
open_project: Time (s): cpu = 00:00:15 ; elapsed = 00:00:17 . Memory (MB): peak = 770.211 ; gain = 192.680
update_compile_order -fileset sources_1
close [ open D:/Xilinx/hw/labpre/lab10/lab_10.2/lab_10.2.srcs/sources_1/new/temp.v w ]
add_files D:/Xilinx/hw/labpre/lab10/lab_10.2/lab_10.2.srcs/sources_1/new/temp.v
update_compile_order -fileset sources_1
exit
INFO: [Common 17-206] Exiting Vivado at Thu Mar 19 21:03:48 2020...
