#-----------------------------------------------------------
# Vivado v2016.2 (64-bit)
# SW Build 1577090 on Thu Jun  2 16:32:40 MDT 2016
# IP Build 1577682 on Fri Jun  3 12:00:54 MDT 2016
# Start of session at: Fri Nov 23 18:50:01 2018
# Process ID: 4072
# Current directory: C:/Users/admin/Desktop/lab_9
# Command line: vivado.exe -gui_launcher_event rodinguilauncherevent1916 C:\Users\admin\Desktop\lab_9\lab_9.xpr
# Log file: C:/Users/admin/Desktop/lab_9/vivado.log
# Journal file: C:/Users/admin/Desktop/lab_9\vivado.jou
#-----------------------------------------------------------
start_gui
open_project C:/Users/admin/Desktop/lab_9/lab_9.xpr
Scanning sources...
Finished scanning sources
INFO: [IP_Flow 19-234] Refreshing IP repositories
INFO: [IP_Flow 19-1704] No user IP repositories specified
INFO: [IP_Flow 19-2313] Loaded Vivado IP repository 'C:/Xilinx/Vivado/2016.2/data/ip'.
open_project: Time (s): cpu = 00:00:10 ; elapsed = 00:00:05 . Memory (MB): peak = 777.277 ; gain = 100.664
update_compile_order -fileset sources_1
exit
INFO: [Common 17-206] Exiting Vivado at Fri Nov 23 18:51:59 2018...
