INFO: [VRFC 10-2263] Analyzing SystemVerilog file "C:/Xilinx/Vivado/2016.2/data/ip/xpm/xpm_cdc/hdl/xpm_cdc.sv" into library xil_defaultlib
INFO: [VRFC 10-311] analyzing module xpm_cdc_single
INFO: [VRFC 10-311] analyzing module xpm_cdc_gray
INFO: [VRFC 10-311] analyzing module xpm_cdc_handshake
INFO: [VRFC 10-311] analyzing module xpm_cdc_pulse
INFO: [VRFC 10-311] analyzing module xpm_cdc_array_single
INFO: [VRFC 10-311] analyzing module xpm_cdc_sync_rst
INFO: [VRFC 10-311] analyzing module xpm_cdc_async_rst
INFO: [VRFC 10-2263] Analyzing Verilog file "C:/Users/admin/Desktop/lab8_1/lab8_1.srcs/sources_1/ip/clk_wiz_0/clk_wiz_0_clk_wiz.v" into library xil_defaultlib
INFO: [VRFC 10-311] analyzing module clk_wiz_0_clk_wiz
INFO: [VRFC 10-2263] Analyzing Verilog file "C:/Users/admin/Desktop/lab8_1/lab8_1.srcs/sources_1/ip/clk_wiz_0/clk_wiz_0.v" into library xil_defaultlib
INFO: [VRFC 10-311] analyzing module clk_wiz_0
INFO: [VRFC 10-2263] Analyzing Verilog file "C:/Users/admin/Desktop/lab8_1/lab8_1.srcs/sources_1/new/lab8_2.v" into library xil_defaultlib
INFO: [VRFC 10-311] analyzing module lab8_2
WARNING: [VRFC 10-1771] potential always loop found [C:/Users/admin/Desktop/lab8_1/lab8_1.srcs/sources_1/new/lab8_2.v:78]
WARNING: [VRFC 10-1771] potential always loop found [C:/Users/admin/Desktop/lab8_1/lab8_1.srcs/sources_1/new/lab8_2.v:91]
INFO: [VRFC 10-2263] Analyzing Verilog file "C:/Users/admin/Desktop/lab8_1/lab8_1.srcs/sim_1/new/test.v" into library xil_defaultlib
INFO: [VRFC 10-311] analyzing module test
INFO: [VRFC 10-2263] Analyzing Verilog file "C:/Users/admin/Desktop/lab8_1/lab8_1.sim/sim_1/behav/glbl.v" into library xil_defaultlib
INFO: [VRFC 10-311] analyzing module glbl
INFO: [VRFC 10-163] Analyzing VHDL file "C:/Xilinx/Vivado/2016.2/data/ip/xpm/xpm_VCOMP.vhd" into library xpm
INFO: [VRFC 10-163] Analyzing VHDL file "C:/Users/admin/Desktop/lab8_1/lab8_1.ip_user_files/ipstatic/xbip_utils_v3_0_6/hdl/xbip_utils_v3_0_vh_rfs.vhd" into library xbip_utils_v3_0_6
INFO: [VRFC 10-163] Analyzing VHDL file "C:/Users/admin/Desktop/lab8_1/lab8_1.ip_user_files/ipstatic/c_reg_fd_v12_0_2/hdl/c_reg_fd_v12_0_vh_rfs.vhd" into library c_reg_fd_v12_0_2
INFO: [VRFC 10-307] analyzing entity c_reg_fd_v12_0_2_viv
INFO: [VRFC 10-163] Analyzing VHDL file "C:/Users/admin/Desktop/lab8_1/lab8_1.ip_user_files/ipstatic/c_reg_fd_v12_0_2/hdl/c_reg_fd_v12_0.vhd" into library c_reg_fd_v12_0_2
INFO: [VRFC 10-307] analyzing entity c_reg_fd_v12_0_2
INFO: [VRFC 10-163] Analyzing VHDL file "C:/Users/admin/Desktop/lab8_1/lab8_1.ip_user_files/ipstatic/xbip_dsp48_wrapper_v3_0_4/hdl/xbip_dsp48_wrapper_v3_0_vh_rfs.vhd" into library xbip_dsp48_wrapper_v3_0_4
INFO: [VRFC 10-307] analyzing entity xbip_dsp48a_wrapper_v3_0
INFO: [VRFC 10-307] analyzing entity xbip_dsp48a1_wrapper_v3_0
INFO: [VRFC 10-307] analyzing entity xbip_dsp48e_wrapper_v3_0
INFO: [VRFC 10-307] analyzing entity xbip_dsp48e1_wrapper_v3_0
INFO: [VRFC 10-307] analyzing entity xbip_dsp48e2_wrapper_v3_0
INFO: [VRFC 10-307] analyzing entity xbip_dsp48_wrapper_v3_0_4
INFO: [VRFC 10-163] Analyzing VHDL file "C:/Users/admin/Desktop/lab8_1/lab8_1.ip_user_files/ipstatic/xbip_pipe_v3_0_2/hdl/xbip_pipe_v3_0_vh_rfs.vhd" into library xbip_pipe_v3_0_2
INFO: [VRFC 10-307] analyzing entity xbip_pipe_v3_0_2_viv
INFO: [VRFC 10-163] Analyzing VHDL file "C:/Users/admin/Desktop/lab8_1/lab8_1.ip_user_files/ipstatic/xbip_pipe_v3_0_2/hdl/xbip_pipe_v3_0.vhd" into library xbip_pipe_v3_0_2
INFO: [VRFC 10-307] analyzing entity xbip_pipe_v3_0_2
INFO: [VRFC 10-163] Analyzing VHDL file "C:/Users/admin/Desktop/lab8_1/lab8_1.ip_user_files/ipstatic/xbip_dsp48_addsub_v3_0_2/hdl/xbip_dsp48_addsub_v3_0_vh_rfs.vhd" into library xbip_dsp48_addsub_v3_0_2
INFO: [VRFC 10-307] analyzing entity xbip_dsp48_addsub_rtl
INFO: [VRFC 10-307] analyzing entity xbip_dsp48_addsub_synth
INFO: [VRFC 10-307] analyzing entity xbip_dsp48_addsub_v3_0_2_viv
INFO: [VRFC 10-163] Analyzing VHDL file "C:/Users/admin/Desktop/lab8_1/lab8_1.ip_user_files/ipstatic/xbip_dsp48_addsub_v3_0_2/hdl/xbip_dsp48_addsub_v3_0.vhd" into library xbip_dsp48_addsub_v3_0_2
INFO: [VRFC 10-307] analyzing entity xbip_dsp48_addsub_v3_0_2
INFO: [VRFC 10-163] Analyzing VHDL file "C:/Users/admin/Desktop/lab8_1/lab8_1.ip_user_files/ipstatic/xbip_addsub_v3_0_2/hdl/xbip_addsub_v3_0_vh_rfs.vhd" into library xbip_addsub_v3_0_2
INFO: [VRFC 10-307] analyzing entity xbip_addsub_v3_0_2_viv
INFO: [VRFC 10-163] Analyzing VHDL file "C:/Users/admin/Desktop/lab8_1/lab8_1.ip_user_files/ipstatic/xbip_addsub_v3_0_2/hdl/xbip_addsub_v3_0.vhd" into library xbip_addsub_v3_0_2
INFO: [VRFC 10-307] analyzing entity xbip_addsub_v3_0_2
INFO: [VRFC 10-163] Analyzing VHDL file "C:/Users/admin/Desktop/lab8_1/lab8_1.ip_user_files/ipstatic/c_addsub_v12_0_9/hdl/c_addsub_v12_0_vh_rfs.vhd" into library c_addsub_v12_0_9
INFO: [VRFC 10-307] analyzing entity c_addsub_v12_0_9_lut6_legacy
INFO: [VRFC 10-307] analyzing entity c_addsub_v12_0_9_base_legacy
INFO: [VRFC 10-307] analyzing entity c_addsub_v12_0_9_fabric_legacy
INFO: [VRFC 10-307] analyzing entity c_addsub_v12_0_9_legacy
INFO: [VRFC 10-307] analyzing entity c_addsub_v12_0_9_viv
INFO: [VRFC 10-163] Analyzing VHDL file "C:/Users/admin/Desktop/lab8_1/lab8_1.ip_user_files/ipstatic/c_addsub_v12_0_9/hdl/c_addsub_v12_0.vhd" into library c_addsub_v12_0_9
INFO: [VRFC 10-307] analyzing entity c_addsub_v12_0_9
INFO: [VRFC 10-163] Analyzing VHDL file "C:/Users/admin/Desktop/lab8_1/lab8_1.ip_user_files/ipstatic/c_gate_bit_v12_0_2/hdl/c_gate_bit_v12_0_vh_rfs.vhd" into library c_gate_bit_v12_0_2
INFO: [VRFC 10-307] analyzing entity c_gate_bit_tile
INFO: [VRFC 10-307] analyzing entity c_gate_bit_tier
INFO: [VRFC 10-307] analyzing entity c_gate_bit_v12_0_2_viv
INFO: [VRFC 10-163] Analyzing VHDL file "C:/Users/admin/Desktop/lab8_1/lab8_1.ip_user_files/ipstatic/c_gate_bit_v12_0_2/hdl/c_gate_bit_v12_0.vhd" into library c_gate_bit_v12_0_2
INFO: [VRFC 10-307] analyzing entity c_gate_bit_v12_0_2
INFO: [VRFC 10-163] Analyzing VHDL file "C:/Users/admin/Desktop/lab8_1/lab8_1.ip_user_files/ipstatic/xbip_counter_v3_0_2/hdl/xbip_counter_v3_0_vh_rfs.vhd" into library xbip_counter_v3_0_2
INFO: [VRFC 10-307] analyzing entity dsp48_counter
INFO: [VRFC 10-307] analyzing entity fabric_counter
INFO: [VRFC 10-307] analyzing entity xbip_counter_v3_0_2_viv
INFO: [VRFC 10-163] Analyzing VHDL file "C:/Users/admin/Desktop/lab8_1/lab8_1.ip_user_files/ipstatic/xbip_counter_v3_0_2/hdl/xbip_counter_v3_0.vhd" into library xbip_counter_v3_0_2
INFO: [VRFC 10-307] analyzing entity xbip_counter_v3_0_2
INFO: [VRFC 10-163] Analyzing VHDL file "C:/Users/admin/Desktop/lab8_1/lab8_1.ip_user_files/ipstatic/c_counter_binary_v12_0_9/hdl/c_counter_binary_v12_0_vh_rfs.vhd" into library c_counter_binary_v12_0_9
INFO: [VRFC 10-307] analyzing entity c_counter_binary_v12_0_9_legacy
INFO: [VRFC 10-307] analyzing entity c_counter_binary_v12_0_9_viv
INFO: [VRFC 10-163] Analyzing VHDL file "C:/Users/admin/Desktop/lab8_1/lab8_1.ip_user_files/ipstatic/c_counter_binary_v12_0_9/hdl/c_counter_binary_v12_0.vhd" into library c_counter_binary_v12_0_9
INFO: [VRFC 10-307] analyzing entity c_counter_binary_v12_0_9
INFO: [VRFC 10-163] Analyzing VHDL file "C:/Users/admin/Desktop/lab8_1/lab8_1.srcs/sources_1/ip/c_counter_binary_1/sim/c_counter_binary_1.vhd" into library xil_defaultlib
INFO: [VRFC 10-307] analyzing entity c_counter_binary_1
INFO: [VRFC 10-163] Analyzing VHDL file "C:/Users/admin/Desktop/lab8_1/lab8_1.srcs/sources_1/ip/c_counter_binary_0/sim/c_counter_binary_0.vhd" into library xil_defaultlib
INFO: [VRFC 10-307] analyzing entity c_counter_binary_0
