#-----------------------------------------------------------
# Vivado v2018.3 (64-bit)
# SW Build 2405991 on Thu Dec  6 23:38:27 MST 2018
# IP Build 2404404 on Fri Dec  7 01:43:56 MST 2018
# Start of session at: Thu Mar 28 19:00:24 2019
# Process ID: 15672
# Current directory: D:/Xilinx/hw/lab1/alu
# Command line: vivado.exe -gui_launcher_event rodinguilauncherevent1176 D:\Xilinx\hw\lab1\alu\alu.xpr
# Log file: D:/Xilinx/hw/lab1/alu/vivado.log
# Journal file: D:/Xilinx/hw/lab1/alu\vivado.jou
#-----------------------------------------------------------
start_gui
open_project D:/Xilinx/hw/lab1/alu/alu.xpr
Scanning sources...
Finished scanning sources
INFO: [IP_Flow 19-234] Refreshing IP repositories
INFO: [IP_Flow 19-1704] No user IP repositories specified
INFO: [IP_Flow 19-2313] Loaded Vivado IP repository 'D:/Xilinx/Vivado/2018.3/data/ip'.
open_project: Time (s): cpu = 00:00:13 ; elapsed = 00:00:07 . Memory (MB): peak = 784.082 ; gain = 176.035
update_compile_order -fileset sources_1
exit
INFO: [Common 17-206] Exiting Vivado at Thu Mar 28 20:16:36 2019...
