Copyright 1986-2016 Xilinx, Inc. All Rights Reserved.
------------------------------------------------------------------------------------
| Tool Version : Vivado v.2016.2 (win64) Build 1577090 Thu Jun  2 16:32:40 MDT 2016
| Date         : Fri Nov 16 21:13:03 2018
| Host         : C09-COMPUTE-A7 running 64-bit Service Pack 1  (build 7601)
| Command      : report_control_sets -verbose -file lab8_2_control_sets_placed.rpt
| Design       : lab8_2
| Device       : xc7a100t
------------------------------------------------------------------------------------

Control Set Information

Table of Contents
-----------------
1. Summary
2. Flip-Flop Distribution
3. Detailed Control Set Information

1. Summary
----------

+----------------------------------------------------------+-------+
|                          Status                          | Count |
+----------------------------------------------------------+-------+
| Number of unique control sets                            |     7 |
| Unused register locations in slices containing registers |    36 |
+----------------------------------------------------------+-------+


2. Flip-Flop Distribution
-------------------------

+--------------+-----------------------+------------------------+-----------------+--------------+
| Clock Enable | Synchronous Set/Reset | Asynchronous Set/Reset | Total Registers | Total Slices |
+--------------+-----------------------+------------------------+-----------------+--------------+
| No           | No                    | No                     |              10 |            7 |
| No           | No                    | Yes                    |               0 |            0 |
| No           | Yes                   | No                     |               1 |            1 |
| Yes          | No                    | No                     |               0 |            0 |
| Yes          | No                    | Yes                    |               0 |            0 |
| Yes          | Yes                   | No                     |              49 |           13 |
+--------------+-----------------------+------------------------+-----------------+--------------+


3. Detailed Control Set Information
-----------------------------------

+---------------------+-------------------------------------------------------+--------------------------------------------------------------+------------------+----------------+
|     Clock Signal    |                     Enable Signal                     |                       Set/Reset Signal                       | Slice Load Count | Bel Load Count |
+---------------------+-------------------------------------------------------+--------------------------------------------------------------+------------------+----------------+
|  CLK0               |                                                       |                                                              |                1 |              1 |
|  hz                 |                                                       | G_i_1_n_0                                                    |                1 |              1 |
|  CLK0               | enable_IBUF                                           | DUT2/U0/i_synth/i_baseblox.i_baseblox_counter/clear_count__0 |                1 |              4 |
|  CLK0               | DUT2/U0/i_synth/i_baseblox.i_baseblox_counter/THRESH0 | DUT3/U0/i_synth/i_baseblox.i_baseblox_counter/clear_count__0 |                1 |              4 |
|  hz                 |                                                       |                                                              |                6 |              9 |
|  DUT1/inst/clk_out1 | enable_IBUF                                           | cnt2                                                         |                4 |             14 |
|  DUT1/inst/clk_out1 | enable_IBUF                                           | cnt                                                          |                7 |             27 |
+---------------------+-------------------------------------------------------+--------------------------------------------------------------+------------------+----------------+


